[debug] [2024-05-29T11:45:48.904Z] : 
[debug] [2024-05-29T11:45:48.905Z] : ----------------------------------------------------------------------
[debug] [2024-05-29T11:45:48.905Z] : Command:      /Users/administrator/.nvm/versions/node/v18.18.2/bin/node /Users/administrator/.nvm/versions/node/v18.18.2/bin/catalyst deploy --only client
[debug] [2024-05-29T11:45:48.906Z] : CLI Version:  1.17.2
[debug] [2024-05-29T11:45:48.906Z] : Platform:     darwin
[debug] [2024-05-29T11:45:48.907Z] : Node Version: v18.18.2
[debug] [2024-05-29T11:45:48.910Z] : Time:         Wed May 29 2024 06:45:48 GMT-0500 (Central Daylight Time)
[debug] [2024-05-29T11:45:48.910Z] : ----------------------------------------------------------------------
[debug] [2024-05-29T11:45:48.910Z] : 
[debug] [2024-05-29T11:45:49.728Z] : > authorizing via signed-in user option
[debug] [2024-05-29T11:45:49.728Z] : > command requires scopes: ["ZohoCatalyst.projects.ALL","ZohoCatalyst.functions.ALL","ZohoCatalyst.webapp.ALL","ZohoCatalyst.appsail.Update"]
[debug] [2024-05-29T11:45:49.743Z] : >>>> HTTP REQUEST : GET https://api.catalyst.zoho.com/baas/v1/project/17011000000045776 

[debug] [2024-05-29T11:45:50.193Z] : <<<< HTTP RESPONSE : 200
Response Headers: {"server":"ZGS","date":"Wed, 29 May 2024 11:45:50 GMT","content-type":"application/vnd.catalyst.v2+json","transfer-encoding":"chunked","connection":"close","set-cookie":["46512fd555=63dd9cf89a6678b816d9580ec827ee61; Path=/","ZD_CSRF_TOKEN=1f1a10f5-e837-42d0-a86d-3f46deb6f546;path=/;SameSite=None;Secure;priority=high","_zcsr_tmp=1f1a10f5-e837-42d0-a86d-3f46deb6f546;path=/;SameSite=Strict;Secure;priority=high"],"x-content-type-options":"nosniff","x-xss-protection":"1","cache-control":"private,no-cache,no-store,max-age=0,must-revalidate","pragma":"no-cache","expires":"Thu, 01 Jan 1970 00:00:00 GMT","x-frame-options":"DENY","strict-transport-security":"max-age=63072000"}

[debug] [2024-05-29T11:45:50.196Z] : >>>> HTTP REQUEST : GET https://api.catalyst.zoho.com/baas/v1/project/17011000000045776/environment 

[debug] [2024-05-29T11:45:50.433Z] : <<<< HTTP RESPONSE : 200
Response Headers: {"server":"ZGS","date":"Wed, 29 May 2024 11:45:50 GMT","content-type":"application/vnd.catalyst.v2+json","transfer-encoding":"chunked","connection":"close","set-cookie":["46512fd555=63dd9cf89a6678b816d9580ec827ee61; Path=/","ZD_CSRF_TOKEN=2e048e30-869a-4757-97fe-be9072c0d62d;path=/;SameSite=None;Secure;priority=high","_zcsr_tmp=2e048e30-869a-4757-97fe-be9072c0d62d;path=/;SameSite=Strict;Secure;priority=high"],"x-content-type-options":"nosniff","x-xss-protection":"1","cache-control":"private,no-cache,no-store,max-age=0,must-revalidate","pragma":"no-cache","expires":"Thu, 01 Jan 1970 00:00:00 GMT","x-frame-options":"DENY","strict-transport-security":"max-age=63072000"}

[info] [2024-05-29T11:45:50.545Z] : ℹ Plugin : "zcatalyst-cli-plugin-react" is used for client deploy
[info] [2024-05-29T11:45:50.545Z] : ℹ Building Application...
[info] [2024-05-29T11:45:53.028Z] : [react-plugin]: Creating an optimized production build...
[info] [2024-05-29T11:46:20.740Z] : [react-plugin]: Compiled with warnings.

[info] [2024-05-29T11:46:20.742Z] : [react-plugin]: Failed to parse source map from '/Users/administrator/Desktop/clubhouseSportsLinkTypescript/react-app/node_modules/@react-aria/ssr/dist/SSRProvider.mjs.map' file: Error: ENOENT: no such file or directory, open '/Users/administrator/Desktop/clubhouseSportsLinkTypescript/react-app/node_modules/@react-aria/ssr/dist/SSRProvider.mjs.map'

[eslint] 
src/components/ParticipantView.js
  Line 220:8:  React Hook useEffect has a missing dependency: 'updateStats'. Either include it or remove the dependency array  react-hooks/exhaustive-deps

src/components/TeamStream/Dashboard.js
  Line 4:8:   'youthSportsEmoji' is defined but never used  no-unused-vars
  Line 8:8:   'videoEmoji' is defined but never used        no-unused-vars
  Line 11:3:  'Badge' is defined but never used             no-unused-vars
  Line 14:3:  'Navbar' is defined but never used            no-unused-vars
  Line 15:3:  'Nav' is defined but never used               no-unused-vars
  Line 20:3:  'Form' is defined but never used              no-unused-vars
  Line 23:3:  'ButtonGroup' is defined but never used       no-unused-vars

src/components/screens/JoiningScreen.js
  Line 139:8:   React Hook useEffect has a missing dependency: 'getCameraDevices'. Either include it or remove the dependency array      react-hooks/exhaustive-deps
  Line 143:8:   React Hook useEffect has a missing dependency: 'getAudioDevices'. Either include it or remove the dependency array       react-hooks/exhaustive-deps
  Line 148:8:   React Hook useEffect has a missing dependency: 'checkMediaPermission'. Either include it or remove the dependency array  react-hooks/exhaustive-deps
  Line 252:27:  Expected '===' and instead saw '=='                                                                                      eqeqeq
  Line 258:27:  Expected '===' and instead saw '=='                                                                                      eqeqeq
[info] [2024-05-29T11:46:20.742Z] : [react-plugin]: 
Search for the keywords to learn more about each warning.
[info] [2024-05-29T11:46:20.743Z] : [react-plugin]: To ignore, add // eslint-disable-next-line to the line before.

[info] [2024-05-29T11:46:20.743Z] : [react-plugin]: File sizes after gzip:

[info] [2024-05-29T11:46:20.856Z] : [react-plugin]:   425.49 kB (+13 B)  build/static/js/main.c870e766.js
[info] [2024-05-29T11:46:20.856Z] : [react-plugin]:   7.92 kB (+4 B)     build/static/css/main.a6b552fb.css
[info] [2024-05-29T11:46:20.856Z] : [react-plugin]:   2.96 kB            build/static/js/reactPlayerFilePlayer.3540cf1f.chunk.js
[info] [2024-05-29T11:46:20.856Z] : [react-plugin]:   1.93 kB            build/static/js/reactPlayerYouTube.a9c74009.chunk.js
[info] [2024-05-29T11:46:20.857Z] : [react-plugin]:   1.85 kB            build/static/js/reactPlayerMux.157bacc3.chunk.js
[info] [2024-05-29T11:46:20.857Z] : [react-plugin]:   1.78 kB            build/static/js/453.2a82e7ac.chunk.js
[info] [2024-05-29T11:46:20.857Z] : [react-plugin]:   1.43 kB            build/static/js/reactPlayerWistia.9e2140d6.chunk.js
[info] [2024-05-29T11:46:20.857Z] : [react-plugin]:   1.42 kB            build/static/js/reactPlayerVimeo.543efa28.chunk.js
[info] [2024-05-29T11:46:20.858Z] : [react-plugin]:   1.35 kB            build/static/js/reactPlayerFacebook.94a05e6f.chunk.js
[info] [2024-05-29T11:46:20.858Z] : [react-plugin]:   1.32 kB            build/static/js/reactPlayerPreview.b5cba342.chunk.js
[info] [2024-05-29T11:46:20.858Z] : [react-plugin]:   1.31 kB            build/static/js/reactPlayerTwitch.d3b7cb9c.chunk.js
[info] [2024-05-29T11:46:20.858Z] : [react-plugin]:   1.28 kB            build/static/js/reactPlayerDailyMotion.33a805f5.chunk.js
[info] [2024-05-29T11:46:20.858Z] : [react-plugin]:   1.27 kB            build/static/js/reactPlayerSoundCloud.bb170cac.chunk.js
[info] [2024-05-29T11:46:20.859Z] : [react-plugin]:   1.25 kB            build/static/js/reactPlayerStreamable.ba61db53.chunk.js
[info] [2024-05-29T11:46:20.859Z] : [react-plugin]:   1.23 kB            build/static/js/reactPlayerVidyard.5d523951.chunk.js
[info] [2024-05-29T11:46:20.859Z] : [react-plugin]:   1.22 kB            build/static/js/reactPlayerKaltura.d046919c.chunk.js
[info] [2024-05-29T11:46:20.859Z] : [react-plugin]:   1.18 kB            build/static/js/reactPlayerMixcloud.60aa1247.chunk.js
[info] [2024-05-29T11:46:20.859Z] : [react-plugin]:  
[debug] [2024-05-29T11:46:27.476Z] : client deploy unsuccessful, reason : CatalystError: ENOSPC: no space left on device, write
    at CatalystError.getErrorInstance (/Users/administrator/.nvm/versions/node/v18.18.2/lib/node_modules/zcatalyst-cli/lib/error.js:43:20)
    at Object.<anonymous> (/Users/administrator/.nvm/versions/node/v18.18.2/lib/node_modules/zcatalyst-cli/lib/deploy/index.js:36:43)
    at Generator.throw (<anonymous>)
    at rejected (/Users/administrator/.nvm/versions/node/v18.18.2/lib/node_modules/zcatalyst-cli/lib/deploy/index.js:6:65)
[warn] [2024-05-29T11:46:27.477Z] : ⚠ client: ENOSPC: no space left on device, write
[info] [2024-05-29T11:46:27.478Z] : 
[error] [2024-05-29T11:46:27.478Z] : ✖ client: deploy skipped
[info] [2024-05-29T11:46:27.478Z] : 
[error] [2024-05-29T11:46:27.478Z] : ✖ No components deployed!
[debug] [2024-05-29T11:46:27.479Z] : NO ERRORS REGISTERED
[debug] [2024-05-29T11:46:27.479Z] : EXEC ENDED with event: deploy, message: success
[debug] [2024-05-29T11:46:27.479Z] : TOTAL DURATION OF COMMAND EXEC : 37768
[debug] [2024-05-29T11:46:27.497Z] : >>>> HTTP REQUEST : POST https://api.catalyst.zoho.com/baas/v1/cli/logs 
<request body omitted>

[debug] [2024-05-29T11:46:27.762Z] : <<<< HTTP RESPONSE : 200
Response Headers: {"server":"ZGS","date":"Wed, 29 May 2024 11:46:27 GMT","content-length":"0","connection":"close","set-cookie":["46512fd555=00fd3a8cbff58bc9307e4ac5869875ce; Path=/","ZD_CSRF_TOKEN=ad0ae96e-99b0-4ee1-b6b0-642a923079be;path=/;SameSite=None;Secure;priority=high","_zcsr_tmp=ad0ae96e-99b0-4ee1-b6b0-642a923079be;path=/;SameSite=Strict;Secure;priority=high"],"x-content-type-options":"nosniff","x-xss-protection":"1","cache-control":"private,no-cache,no-store,max-age=0,must-revalidate","pragma":"no-cache","expires":"Thu, 01 Jan 1970 00:00:00 GMT","x-frame-options":"DENY","strict-transport-security":"max-age=63072000"}

[debug] [2024-05-29T11:49:18.688Z] : 
[debug] [2024-05-29T11:49:18.690Z] : ----------------------------------------------------------------------
[debug] [2024-05-29T11:49:18.691Z] : Command:      /Users/administrator/.nvm/versions/node/v18.18.2/bin/node /Users/administrator/.nvm/versions/node/v18.18.2/bin/catalyst deploy --only client
[debug] [2024-05-29T11:49:18.691Z] : CLI Version:  1.17.2
[debug] [2024-05-29T11:49:18.692Z] : Platform:     darwin
[debug] [2024-05-29T11:49:18.692Z] : Node Version: v18.18.2
[debug] [2024-05-29T11:49:18.694Z] : Time:         Wed May 29 2024 06:49:18 GMT-0500 (Central Daylight Time)
[debug] [2024-05-29T11:49:18.694Z] : ----------------------------------------------------------------------
[debug] [2024-05-29T11:49:18.695Z] : 
[debug] [2024-05-29T11:49:19.565Z] : > authorizing via signed-in user option
[debug] [2024-05-29T11:49:19.565Z] : > command requires scopes: ["ZohoCatalyst.projects.ALL","ZohoCatalyst.functions.ALL","ZohoCatalyst.webapp.ALL","ZohoCatalyst.appsail.Update"]
[debug] [2024-05-29T11:49:19.580Z] : >>>> HTTP REQUEST : GET https://api.catalyst.zoho.com/baas/v1/project/17011000000045776 

[debug] [2024-05-29T11:49:19.903Z] : <<<< HTTP RESPONSE : 200
Response Headers: {"server":"ZGS","date":"Wed, 29 May 2024 11:49:19 GMT","content-type":"application/vnd.catalyst.v2+json","transfer-encoding":"chunked","connection":"close","set-cookie":["46512fd555=04d9a2d1e2e86744f9516a3e9f805f56; Path=/","ZD_CSRF_TOKEN=ec24055b-b0d5-4fa8-b6e2-ea8fce263384;path=/;SameSite=None;Secure;priority=high","_zcsr_tmp=ec24055b-b0d5-4fa8-b6e2-ea8fce263384;path=/;SameSite=Strict;Secure;priority=high"],"x-content-type-options":"nosniff","x-xss-protection":"1","cache-control":"private,no-cache,no-store,max-age=0,must-revalidate","pragma":"no-cache","expires":"Thu, 01 Jan 1970 00:00:00 GMT","x-frame-options":"DENY","strict-transport-security":"max-age=63072000"}

[debug] [2024-05-29T11:49:19.908Z] : >>>> HTTP REQUEST : GET https://api.catalyst.zoho.com/baas/v1/project/17011000000045776/environment 

[debug] [2024-05-29T11:49:20.226Z] : <<<< HTTP RESPONSE : 200
Response Headers: {"server":"ZGS","date":"Wed, 29 May 2024 11:49:20 GMT","content-type":"application/vnd.catalyst.v2+json","transfer-encoding":"chunked","connection":"close","set-cookie":["46512fd555=63dd9cf89a6678b816d9580ec827ee61; Path=/","ZD_CSRF_TOKEN=cb3af78e-acd4-4e00-8f84-a8b872305493;path=/;SameSite=None;Secure;priority=high","_zcsr_tmp=cb3af78e-acd4-4e00-8f84-a8b872305493;path=/;SameSite=Strict;Secure;priority=high"],"x-content-type-options":"nosniff","x-xss-protection":"1","cache-control":"private,no-cache,no-store,max-age=0,must-revalidate","pragma":"no-cache","expires":"Thu, 01 Jan 1970 00:00:00 GMT","x-frame-options":"DENY","strict-transport-security":"max-age=63072000"}

[info] [2024-05-29T11:49:20.402Z] : ℹ Plugin : "zcatalyst-cli-plugin-react" is used for client deploy
[info] [2024-05-29T11:49:20.402Z] : ℹ Building Application...
[info] [2024-05-29T11:49:22.885Z] : [react-plugin]: Creating an optimized production build...
[info] [2024-05-29T11:49:54.228Z] : [react-plugin]: Compiled with warnings.

[info] [2024-05-29T11:49:54.229Z] : [react-plugin]: Failed to parse source map from '/Users/administrator/Desktop/clubhouseSportsLinkTypescript/react-app/node_modules/@react-aria/ssr/dist/SSRProvider.mjs.map' file: Error: ENOENT: no such file or directory, open '/Users/administrator/Desktop/clubhouseSportsLinkTypescript/react-app/node_modules/@react-aria/ssr/dist/SSRProvider.mjs.map'

[eslint] 
src/components/ParticipantView.js
  Line 220:8:  React Hook useEffect has a missing dependency: 'updateStats'. Either include it or remove the dependency array  react-hooks/exhaustive-deps

src/components/TeamStream/Dashboard.js
  Line 4:8:   'youthSportsEmoji' is defined but never used  no-unused-vars
  Line 8:8:   'videoEmoji' is defined but never used        no-unused-vars
  Line 11:3:  'Badge' is defined but never used             no-unused-vars
  Line 14:3:  'Navbar' is defined but never used            no-unused-vars
  Line 15:3:  'Nav' is defined but never used               no-unused-vars
  Line 20:3:  'Form' is defined but never used              no-unused-vars
  Line 23:3:  'ButtonGroup' is defined but never used       no-unused-vars

src/components/screens/JoiningScreen.js
  Line 139:8:   React Hook useEffect has a missing dependency: 'getCameraDevices'. Either include it or remove the dependency array      react-hooks/exhaustive-deps
  Line 143:8:   React Hook useEffect has a missing dependency: 'getAudioDevices'. Either include it or remove the dependency array       react-hooks/exhaustive-deps
  Line 148:8:   React Hook useEffect has a missing dependency: 'checkMediaPermission'. Either include it or remove the dependency array  react-hooks/exhaustive-deps
  Line 252:27:  Expected '===' and instead saw '=='                                                                                      eqeqeq
  Line 258:27:  Expected '===' and instead saw '=='                                                                                      eqeqeq
[info] [2024-05-29T11:49:54.229Z] : [react-plugin]: 
Search for the keywords to learn more about each warning.
[info] [2024-05-29T11:49:54.230Z] : [react-plugin]: To ignore, add // eslint-disable-next-line to the line before.

[info] [2024-05-29T11:49:54.230Z] : [react-plugin]: File sizes after gzip:

[info] [2024-05-29T11:49:54.322Z] : [react-plugin]:   425.49 kB  build/static/js/main.c870e766.js
[info] [2024-05-29T11:49:54.322Z] : [react-plugin]:   7.92 kB    build/static/css/main.a6b552fb.css
[info] [2024-05-29T11:49:54.322Z] : [react-plugin]:   2.96 kB    build/static/js/reactPlayerFilePlayer.3540cf1f.chunk.js
[info] [2024-05-29T11:49:54.323Z] : [react-plugin]:   1.93 kB    build/static/js/reactPlayerYouTube.a9c74009.chunk.js
[info] [2024-05-29T11:49:54.323Z] : [react-plugin]:   1.85 kB    build/static/js/reactPlayerMux.157bacc3.chunk.js
[info] [2024-05-29T11:49:54.323Z] : [react-plugin]:   1.78 kB    build/static/js/453.2a82e7ac.chunk.js
[info] [2024-05-29T11:49:54.323Z] : [react-plugin]:   1.43 kB    build/static/js/reactPlayerWistia.9e2140d6.chunk.js
[info] [2024-05-29T11:49:54.323Z] : [react-plugin]:   1.42 kB    build/static/js/reactPlayerVimeo.543efa28.chunk.js
[info] [2024-05-29T11:49:54.323Z] : [react-plugin]:   1.35 kB    build/static/js/reactPlayerFacebook.94a05e6f.chunk.js
[info] [2024-05-29T11:49:54.323Z] : [react-plugin]:   1.32 kB    build/static/js/reactPlayerPreview.b5cba342.chunk.js
[info] [2024-05-29T11:49:54.323Z] : [react-plugin]:   1.31 kB    build/static/js/reactPlayerTwitch.d3b7cb9c.chunk.js
[info] [2024-05-29T11:49:54.324Z] : [react-plugin]:   1.28 kB    build/static/js/reactPlayerDailyMotion.33a805f5.chunk.js
[info] [2024-05-29T11:49:54.324Z] : [react-plugin]:   1.27 kB    build/static/js/reactPlayerSoundCloud.bb170cac.chunk.js
[info] [2024-05-29T11:49:54.324Z] : [react-plugin]:   1.25 kB    build/static/js/reactPlayerStreamable.ba61db53.chunk.js
[info] [2024-05-29T11:49:54.325Z] : [react-plugin]:   1.23 kB    build/static/js/reactPlayerVidyard.5d523951.chunk.js
[info] [2024-05-29T11:49:54.325Z] : [react-plugin]:   1.22 kB    build/static/js/reactPlayerKaltura.d046919c.chunk.js
[info] [2024-05-29T11:49:54.325Z] : [react-plugin]:   1.18 kB    build/static/js/reactPlayerMixcloud.60aa1247.chunk.js
[info] [2024-05-29T11:49:54.325Z] : [react-plugin]:  
[debug] [2024-05-29T11:50:02.875Z] : >>>> HTTP REQUEST : POST https://api.catalyst.zoho.com/baas/v1/project/17011000000045776/webapp 

[debug] [2024-05-29T11:50:16.679Z] : <<<< HTTP RESPONSE : 200
Response Headers: {"server":"ZGS","date":"Wed, 29 May 2024 11:50:16 GMT","content-type":"application/vnd.catalyst.v2+json","transfer-encoding":"chunked","connection":"close","set-cookie":["46512fd555=bbdfb771565421abbe10f7a180903d28; Path=/","ZD_CSRF_TOKEN=6fda91af-0903-411a-a77b-adcd7c0a4d1c;path=/;SameSite=None;Secure;priority=high","_zcsr_tmp=6fda91af-0903-411a-a77b-adcd7c0a4d1c;path=/;SameSite=Strict;Secure;priority=high"],"x-content-type-options":"nosniff","x-xss-protection":"1","cache-control":"private,no-cache,no-store,max-age=0,must-revalidate","pragma":"no-cache","expires":"Thu, 01 Jan 1970 00:00:00 GMT","x-frame-options":"DENY","strict-transport-security":"max-age=63072000"}

[info] [2024-05-29T11:50:16.682Z] : 
[info] [2024-05-29T11:50:16.683Z] : ✔ client: deploy successful
[info] [2024-05-29T11:50:16.683Z] : ℹ client: URL => https://aliencity-809404625.development.catalystserverless.com/app/index.html
[info] [2024-05-29T11:50:16.683Z] : 
[info] [2024-05-29T11:50:16.683Z] : ✔ Catalyst deploy complete!
[debug] [2024-05-29T11:50:16.683Z] : NO ERRORS REGISTERED
[debug] [2024-05-29T11:50:16.684Z] : EXEC ENDED with event: deploy, message: success
[debug] [2024-05-29T11:50:16.684Z] : TOTAL DURATION OF COMMAND EXEC : 57136
[debug] [2024-05-29T11:50:16.692Z] : >>>> HTTP REQUEST : POST https://api.catalyst.zoho.com/baas/v1/cli/logs 
<request body omitted>

[debug] [2024-05-29T11:50:16.986Z] : <<<< HTTP RESPONSE : 200
Response Headers: {"server":"ZGS","date":"Wed, 29 May 2024 11:50:16 GMT","content-length":"0","connection":"close","set-cookie":["46512fd555=63dd9cf89a6678b816d9580ec827ee61; Path=/","ZD_CSRF_TOKEN=118247e0-cb7f-4e3d-8e64-537f3ac9582d;path=/;SameSite=None;Secure;priority=high","_zcsr_tmp=118247e0-cb7f-4e3d-8e64-537f3ac9582d;path=/;SameSite=Strict;Secure;priority=high"],"x-content-type-options":"nosniff","x-xss-protection":"1","cache-control":"private,no-cache,no-store,max-age=0,must-revalidate","pragma":"no-cache","expires":"Thu, 01 Jan 1970 00:00:00 GMT","x-frame-options":"DENY","strict-transport-security":"max-age=63072000"}

